0 info it worked if it ends with ok
1 verbose cli [ '/usr/bin/nodejs', '/usr/bin/npm', 'run', 'esdoc', '-h' ]
2 info using npm@1.3.10
3 info using node@v0.10.25
4 error ReferenceError: num is not defined
4 error     at EventEmitter.help (/usr/share/npm/lib/help.js:27:46)
4 error     at Object.commandCache.(anonymous function) (/usr/share/npm/lib/npm.js:194:11)
4 error     at EventEmitter.<anonymous> (/usr/share/npm/bin/npm-cli.js:83:28)
4 error     at process._tickCallback (node.js:415:13)
5 error If you need help, you may report this log at:
5 error     <http://github.com/isaacs/npm/issues>
5 error or email it to:
5 error     <npm-@googlegroups.com>
6 error System Linux 3.13.0-83-generic
7 error command "/usr/bin/nodejs" "/usr/bin/npm" "run" "esdoc" "-h"
8 error cwd /home/phil/projects/Regolith
9 error node -v v0.10.25
10 error npm -v 1.3.10
11 error type not_defined
12 verbose exit [ 1, true ]
